[dotenv@17.3.1] injecting env (0) from .env -- tip: ⚡️ secrets for agents: https://dotenvx.com/as2
Started HTTP and WebSocket JSON-RPC server at http://127.0.0.1:8545/

Accounts
========

WARNING: These accounts, and their private keys, are publicly known.
Any funds sent to them on Mainnet or any other live network WILL BE LOST.

Account #0: 0xf39Fd6e51aad88F6F4ce6aB8827279cffFb92266 (10000 ETH)
Private Key: 0xac0974bec39a17e36ba4a6b4d238ff944bacb478cbed5efcae784d7bf4f2ff80

Account #1: 0x70997970C51812dc3A010C7d01b50e0d17dc79C8 (10000 ETH)
Private Key: 0x59c6995e998f97a5a0044966f0945389dc9e86dae88c7a8412f4603b6b78690d

Account #2: 0x3C44CdDdB6a900fa2b585dd299e03d12FA4293BC (10000 ETH)
Private Key: 0x5de4111afa1a4b94908f83103eb1f1706367c2e68ca870fc3fb9a804cdab365a

Account #3: 0x90F79bf6EB2c4f870365E785982E1f101E93b906 (10000 ETH)
Private Key: 0x7c852118294e51e653712a81e05800f419141751be58f605c371e15141b007a6

Account #4: 0x15d34AAf54267DB7D7c367839AAf71A00a2C6A65 (10000 ETH)
Private Key: 0x47e179ec197488593b187f80a00eb0da91f1b9d0b13f8733639f19c30a34926a

Account #5: 0x9965507D1a55bcC2695C58ba16FB37d819B0A4dc (10000 ETH)
Private Key: 0x8b3a350cf5c34c9194ca85829a2df0ec3153be0318b5e2d3348e872092edffba

Account #6: 0x976EA74026E726554dB657fA54763abd0C3a0aa9 (10000 ETH)
Private Key: 0x92db14e403b83dfe3df233f83dfa3a0d7096f21ca9b0d6d6b8d88b2b4ec1564e

Account #7: 0x14dC79964da2C08b23698B3D3cc7Ca32193d9955 (10000 ETH)
Private Key: 0x4bbbf85ce3377467afe5d46f804f221813b2bb87f24d81f60f1fcdbf7cbf4356

Account #8: 0x23618e81E3f5cdF7f54C3d65f7FBc0aBf5B21E8f (10000 ETH)
Private Key: 0xdbda1821b80551c9d65939329250298aa3472ba22feea921c0cf5d620ea67b97

Account #9: 0xa0Ee7A142d267C1f36714E4a8F75612F20a79720 (10000 ETH)
Private Key: 0x2a871d0798f97d79848a013d4936a73bf4cc922c825d33c1cf7073dff6d409c6

Account #10: 0xBcd4042DE499D14e55001CcbB24a551F3b954096 (10000 ETH)
Private Key: 0xf214f2b2cd398c806f84e317254e0f0b801d0643303237d97a22a48e01628897

Account #11: 0x71bE63f3384f5fb98995898A86B02Fb2426c5788 (10000 ETH)
Private Key: 0x701b615bbdfb9de65240bc28bd21bbc0d996645a3dd57e7b12bc2bdf6f192c82

Account #12: 0xFABB0ac9d68B0B445fB7357272Ff202C5651694a (10000 ETH)
Private Key: 0xa267530f49f8280200edf313ee7af6b827f2a8bce2897751d06a843f644967b1

Account #13: 0x1CBd3b2770909D4e10f157cABC84C7264073C9Ec (10000 ETH)
Private Key: 0x47c99abed3324a2707c28affff1267e45918ec8c3f20b8aa892e8b065d2942dd

Account #14: 0xdF3e18d64BC6A983f673Ab319CCaE4f1a57C7097 (10000 ETH)
Private Key: 0xc526ee95bf44d8fc405a158bb884d9d1238d99f0612e9f33d006bb0789009aaa

Account #15: 0xcd3B766CCDd6AE721141F452C550Ca635964ce71 (10000 ETH)
Private Key: 0x8166f546bab6da521a8369cab06c5d2b9e46670292d85c875ee9ec20e84ffb61

Account #16: 0x2546BcD3c84621e976D8185a91A922aE77ECEc30 (10000 ETH)
Private Key: 0xea6c44ac03bff858b476bba40716402b03e41b8e97e276d1baec7c37d42484a0

Account #17: 0xbDA5747bFD65F08deb54cb465eB87D40e51B197E (10000 ETH)
Private Key: 0x689af8efa8c651a91ad287602527f3af2fe9f6501a7ac4b061667b5a93e037fd

Account #18: 0xdD2FD4581271e230360230F9337D5c0430Bf44C0 (10000 ETH)
Private Key: 0xde9be858da4a475276426320d5e9262ecfc3ba460bfac56360bfa6c4c28b4ee0

Account #19: 0x8626f6940E2eb28930eFb4CeF49B2d1F2C9C1199 (10000 ETH)
Private Key: 0xdf57089febbacf7ba0bc227dafbffa9fc08a93fdc68e1e42411a14efcf23656e

WARNING: These accounts, and their private keys, are publicly known.
Any funds sent to them on Mainnet or any other live network WILL BE LOST.

[32meth_accounts[0m
[32mhardhat_metadata[0m
[32mhardhat_metadata (2)[0m
[32mhardhat_metadata (3)[0m
[32mhardhat_metadata (4)[0m
[32mhardhat_metadata (5)[0m
[32mhardhat_metadata (6)[0m
[32mhardhat_metadata (7)[0m
[32mhardhat_metadata (8)[0m
[32mhardhat_metadata (9)[0m
[32mhardhat_metadata (10)[0m
[32mhardhat_metadata (11)[0m
[32mhardhat_metadata (12)[0m
[32mhardhat_metadata (13)[0m
[32mhardhat_metadata (14)[0m
[32mhardhat_metadata (15)[0m
[32mhardhat_metadata (16)[0m
[32mhardhat_metadata (17)[0m
[32mhardhat_metadata (18)[0m
[32mhardhat_metadata (19)[0m
[32mhardhat_metadata (20)[0m
[32meth_accounts[0m
[32mhardhat_metadata[0m
[32mhardhat_metadata (2)[0m
[32mhardhat_metadata (3)[0m
[32mhardhat_metadata (4)[0m
[32mhardhat_metadata (5)[0m
[32mhardhat_metadata (6)[0m
[32mhardhat_metadata (7)[0m
[32mhardhat_metadata (8)[0m
[32mhardhat_metadata (9)[0m
[32mhardhat_metadata (10)[0m
[32mhardhat_metadata (11)[0m
[32mhardhat_metadata (12)[0m
[32mhardhat_metadata (13)[0m
[32mhardhat_metadata (14)[0m
[32mhardhat_metadata (15)[0m
[32mhardhat_metadata (16)[0m
[32mhardhat_metadata (17)[0m
[32mhardhat_metadata (18)[0m
[32mhardhat_metadata (19)[0m
[32mhardhat_metadata (20)[0m
[32meth_blockNumber[0m
[32meth_getBlockByNumber[0m
[32meth_feeHistory[0m
[32meth_maxPriorityFeePerGas[0m
[32meth_sendTransaction[0m
  Contract deployment: ReputationRegistry
  Contract address:    0x5fbdb2315678afecb367f032d93f642f64180aa3
  Transaction:         0x95c1717d6223b2fcb35241a7912e752715bc00362ac76bc243af9a740abfd3b7
  From:                0xf39fd6e51aad88f6f4ce6ab8827279cfffb92266
  Value:               0 ETH
  Gas used:            2290313 of 16777216
  Block #1:            0xde7dc8297b4cf949bcd105cfea5f80b3c3f604964f57561ea0f0425c18433ca1

[32meth_getTransactionByHash[0m
[32meth_getTransactionReceipt[0m
[32meth_accounts[0m
[32mhardhat_metadata[0m
[32mhardhat_metadata (2)[0m
[32mhardhat_metadata (3)[0m
[32mhardhat_metadata (4)[0m
[32mhardhat_metadata (5)[0m
[32mhardhat_metadata (6)[0m
[32mhardhat_metadata (7)[0m
[32mhardhat_metadata (8)[0m
[32mhardhat_metadata (9)[0m
[32mhardhat_metadata (10)[0m
[32mhardhat_metadata (11)[0m
[32mhardhat_metadata (12)[0m
[32mhardhat_metadata (13)[0m
[32mhardhat_metadata (14)[0m
[32mhardhat_metadata (15)[0m
[32mhardhat_metadata (16)[0m
[32mhardhat_metadata (17)[0m
[32mhardhat_metadata (18)[0m
[32mhardhat_metadata (19)[0m
[32mhardhat_metadata (20)[0m
[32meth_blockNumber[0m
[32meth_feeHistory[0m
[32meth_sendTransaction[0m
  Contract deployment: RewardEngine
  Contract address:    0xe7f1725e7734ce288f8367e1bb143e90bb3f0512
  Transaction:         0x10df09bb9157c47aa852dd6faaa08563001767fae8efd6237904ae714b485f29
  From:                0xf39fd6e51aad88f6f4ce6ab8827279cfffb92266
  Value:               0 ETH
  Gas used:            4014495 of 16777216
  Block #2:            0xfec154dded5bf24a415ac9cb0a7d04265dd06dd7c597459df83738066e27a0bc

[32meth_getTransactionByHash[0m
[32meth_getTransactionReceipt[0m
[32meth_accounts[0m
[32mhardhat_metadata[0m
[32mhardhat_metadata (2)[0m
[32mhardhat_metadata (3)[0m
[32mhardhat_metadata (4)[0m
[32mhardhat_metadata (5)[0m
[32mhardhat_metadata (6)[0m
[32mhardhat_metadata (7)[0m
[32mhardhat_metadata (8)[0m
[32mhardhat_metadata (9)[0m
[32mhardhat_metadata (10)[0m
[32mhardhat_metadata (11)[0m
[32mhardhat_metadata (12)[0m
[32mhardhat_metadata (13)[0m
[32mhardhat_metadata (14)[0m
[32mhardhat_metadata (15)[0m
[32mhardhat_metadata (16)[0m
[32mhardhat_metadata (17)[0m
[32mhardhat_metadata (18)[0m
[32mhardhat_metadata (19)[0m
[32mhardhat_metadata (20)[0m
[32meth_blockNumber[0m
[32meth_feeHistory[0m
[32meth_sendTransaction[0m
  Contract deployment: BadgeNFT
  Contract address:    0x9fe46736679d2d9a65f0992f2272de9f3c7fa6e0
  Transaction:         0x3eae656a6f8852f72df06a0297291e72cd34e26b404dd66c1d743c8e053e1096
  From:                0xf39fd6e51aad88f6f4ce6ab8827279cfffb92266
  Value:               0 ETH
  Gas used:            2520848 of 16777216
  Block #3:            0x79d30449d962007062b4ef33eb21da699ac59548c29234e439e2e6cdb323d779

[32meth_getTransactionByHash[0m
[32meth_getTransactionReceipt[0m
[32meth_accounts[0m
[32mhardhat_metadata[0m
[32mhardhat_metadata (2)[0m
[32mhardhat_metadata (3)[0m
[32mhardhat_metadata (4)[0m
[32mhardhat_metadata (5)[0m
[32mhardhat_metadata (6)[0m
[32mhardhat_metadata (7)[0m
[32mhardhat_metadata (8)[0m
[32mhardhat_metadata (9)[0m
[32mhardhat_metadata (10)[0m
[32mhardhat_metadata (11)[0m
[32mhardhat_metadata (12)[0m
[32mhardhat_metadata (13)[0m
[32mhardhat_metadata (14)[0m
[32mhardhat_metadata (15)[0m
[32mhardhat_metadata (16)[0m
[32mhardhat_metadata (17)[0m
[32mhardhat_metadata (18)[0m
[32mhardhat_metadata (19)[0m
[32mhardhat_metadata (20)[0m
[32meth_blockNumber[0m
[32meth_feeHistory[0m
[32meth_sendTransaction[0m
  Contract deployment: LazyTaskMarketplace
  Contract address:    0xcf7ed3acca5a467e9e704c703e8d87f634fb0fc9
  Transaction:         0x929afb3c6fa989aab7fe7b876383a03798d7d94fff6831803256ddebade4e15c
  From:                0xf39fd6e51aad88f6f4ce6ab8827279cfffb92266
  Value:               0 ETH
  Gas used:            3699483 of 16777216
  Block #4:            0xfb68af0e75d62cc799685df906fec28208e600b477551ad5894e88a326d65f20

[32meth_getTransactionByHash[0m
[32meth_getTransactionReceipt[0m
[32meth_accounts[0m
[32mhardhat_metadata[0m
[32mhardhat_metadata (2)[0m
[32mhardhat_metadata (3)[0m
[32mhardhat_metadata (4)[0m
[32mhardhat_metadata (5)[0m
[32mhardhat_metadata (6)[0m
[32mhardhat_metadata (7)[0m
[32mhardhat_metadata (8)[0m
[32mhardhat_metadata (9)[0m
[32mhardhat_metadata (10)[0m
[32mhardhat_metadata (11)[0m
[32mhardhat_metadata (12)[0m
[32mhardhat_metadata (13)[0m
[32mhardhat_metadata (14)[0m
[32mhardhat_metadata (15)[0m
[32mhardhat_metadata (16)[0m
[32mhardhat_metadata (17)[0m
[32mhardhat_metadata (18)[0m
[32mhardhat_metadata (19)[0m
[32mhardhat_metadata (20)[0m
[32meth_blockNumber[0m
[32meth_feeHistory[0m
[32meth_sendTransaction[0m
  Contract deployment: LizardLounge
  Contract address:    0xdc64a140aa3e981100a9beca4e685f962f0cf6c9
  Transaction:         0x8f34c1a67bbdee6209d6f185d04414ccd191382edcf656098146bc08bbb0bdd5
  From:                0xf39fd6e51aad88f6f4ce6ab8827279cfffb92266
  Value:               0 ETH
  Gas used:            1970381 of 16777216
  Block #5:            0xb46970e220ae638d5e46e80a1fd2fd309e76be638932364a4ebbf41ed3862897

[32meth_getTransactionByHash[0m
[32meth_getTransactionReceipt[0m
[32meth_call[0m
  Contract call:       ReputationRegistry#MARKETPLACE_ROLE
  From:                0xf39fd6e51aad88f6f4ce6ab8827279cfffb92266
  To:                  0x5fbdb2315678afecb367f032d93f642f64180aa3

[32meth_blockNumber[0m
[32meth_feeHistory[0m
[32meth_sendTransaction[0m
  Contract call:       ReputationRegistry#grantRole
  Transaction:         0x2aa9bf1b3d4abbe48b1534a64a645d93a8e6901e7c99fecab2ba213640507343
  From:                0xf39fd6e51aad88f6f4ce6ab8827279cfffb92266
  To:                  0x5fbdb2315678afecb367f032d93f642f64180aa3
  Value:               0 ETH
  Gas used:            52125 of 16777216
  Block #6:            0x1e77633ac8c4c6e626b845fdc0249ff8124be28478b7c28861e7a1444cb1af24

[32meth_getTransactionByHash[0m
[32meth_blockNumber[0m
[32meth_feeHistory[0m
[32meth_sendTransaction[0m
  Contract call:       RewardEngine#grantRole
  Transaction:         0x3249601e709a7b702a9418535afac80e2255e9a4a4cbaf3b6fe63fdc94539305
  From:                0xf39fd6e51aad88f6f4ce6ab8827279cfffb92266
  To:                  0xe7f1725e7734ce288f8367e1bb143e90bb3f0512
  Value:               0 ETH
  Gas used:            52125 of 16777216
  Block #7:            0xb89fb72067436e814110734d0ae8e6bf5065c3d5a24849c7f481a60eabb6e3f1

[32meth_getTransactionByHash[0m
[32meth_call[0m
  Contract call:       BadgeNFT#MINTER_ROLE
  From:                0xf39fd6e51aad88f6f4ce6ab8827279cfffb92266
  To:                  0x9fe46736679d2d9a65f0992f2272de9f3c7fa6e0

[32meth_blockNumber[0m
[32meth_feeHistory[0m
[32meth_sendTransaction[0m
  Contract call:       BadgeNFT#grantRole
  Transaction:         0x63ac7cb0f2f4c85afdbd6635324285ac5f8bdc788bf96687a4d2a9652e0f49a8
  From:                0xf39fd6e51aad88f6f4ce6ab8827279cfffb92266
  To:                  0x9fe46736679d2d9a65f0992f2272de9f3c7fa6e0
  Value:               0 ETH
  Gas used:            52058 of 16777216
  Block #8:            0x493530cace7e59c708bbabc1215bd68fa25458895df535c6d96045e11a0ab765

[32meth_getTransactionByHash[0m
[32meth_blockNumber[0m
[32meth_feeHistory[0m
[32meth_sendTransaction[0m
  Contract call:       ReputationRegistry#setBadgeNFT
  Transaction:         0x32a6a382b95a490d2c4c1448c370c9e394fe726a02c6793abbcfab41fa0d9cde
  From:                0xf39fd6e51aad88f6f4ce6ab8827279cfffb92266
  To:                  0x5fbdb2315678afecb367f032d93f642f64180aa3
  Value:               0 ETH
  Gas used:            46582 of 16777216
  Block #9:            0x4ced9298209a7fa26435898fe4410d25225bb777c314136ce5eda681461906f5

[32meth_getTransactionByHash[0m
[32meth_call[0m
  Contract call:       ReputationRegistry#SKILL_REGISTRY_ROLE
  From:                0xf39fd6e51aad88f6f4ce6ab8827279cfffb92266
  To:                  0x5fbdb2315678afecb367f032d93f642f64180aa3

[32meth_blockNumber[0m
[32meth_feeHistory[0m
[32meth_sendTransaction[0m
  Contract call:       ReputationRegistry#grantRole
  Transaction:         0xe03a533816a3b51ee2717e370be40dbe0fb3a7fac167b1814e2addbb4c9116fd
  From:                0xf39fd6e51aad88f6f4ce6ab8827279cfffb92266
  To:                  0x5fbdb2315678afecb367f032d93f642f64180aa3
  Value:               0 ETH
  Gas used:            52113 of 16777216
  Block #10:           0xdf878298421cd145c322659056f10d50766322f23f533d4ee1e0a8f11939e833

[32meth_getTransactionByHash[0m
[32meth_accounts[0m
[32mhardhat_metadata[0m
[32mhardhat_metadata (2)[0m
[32mhardhat_metadata (3)[0m
[32mhardhat_metadata (4)[0m
[32mhardhat_metadata (5)[0m
[32mhardhat_metadata (6)[0m
[32mhardhat_metadata (7)[0m
[32mhardhat_metadata (8)[0m
[32mhardhat_metadata (9)[0m
[32mhardhat_metadata (10)[0m
[32mhardhat_metadata (11)[0m
[32mhardhat_metadata (12)[0m
[32mhardhat_metadata (13)[0m
[32mhardhat_metadata (14)[0m
[32mhardhat_metadata (15)[0m
[32mhardhat_metadata (16)[0m
[32mhardhat_metadata (17)[0m
[32mhardhat_metadata (18)[0m
[32mhardhat_metadata (19)[0m
[32mhardhat_metadata (20)[0m
[32meth_accounts[0m
[32mhardhat_metadata[0m
[32mhardhat_metadata (2)[0m
[32mhardhat_metadata (3)[0m
[32mhardhat_metadata (4)[0m
[32mhardhat_metadata (5)[0m
[32mhardhat_metadata (6)[0m
[32mhardhat_metadata (7)[0m
[32mhardhat_metadata (8)[0m
[32mhardhat_metadata (9)[0m
[32mhardhat_metadata (10)[0m
[32mhardhat_metadata (11)[0m
[32mhardhat_metadata (12)[0m
[32mhardhat_metadata (13)[0m
[32mhardhat_metadata (14)[0m
[32mhardhat_metadata (15)[0m
[32mhardhat_metadata (16)[0m
[32mhardhat_metadata (17)[0m
[32mhardhat_metadata (18)[0m
[32mhardhat_metadata (19)[0m
[32mhardhat_metadata (20)[0m
[32meth_accounts[0m
[32mhardhat_metadata[0m
[32mhardhat_metadata (2)[0m
[32mhardhat_metadata (3)[0m
[32mhardhat_metadata (4)[0m
[32mhardhat_metadata (5)[0m
[32mhardhat_metadata (6)[0m
[32mhardhat_metadata (7)[0m
[32mhardhat_metadata (8)[0m
[32mhardhat_metadata (9)[0m
[32mhardhat_metadata (10)[0m
[32mhardhat_metadata (11)[0m
[32mhardhat_metadata (12)[0m
[32mhardhat_metadata (13)[0m
[32mhardhat_metadata (14)[0m
[32mhardhat_metadata (15)[0m
[32mhardhat_metadata (16)[0m
[32mhardhat_metadata (17)[0m
[32mhardhat_metadata (18)[0m
[32mhardhat_metadata (19)[0m
[32mhardhat_metadata (20)[0m
[32meth_blockNumber[0m
[32meth_getBlockByNumber[0m
[32meth_feeHistory[0m
[32meth_sendTransaction[0m
  Contract call:       LizardLounge#createTable
  Transaction:         0x21f0f06a02cd6e9dd314dbd85b58a920d093ef6551d566688fe7438bb703b779
  From:                0x70997970c51812dc3a010c7d01b50e0d17dc79c8
  To:                  0xdc64a140aa3e981100a9beca4e685f962f0cf6c9
  Value:               0 ETH
  Gas used:            146046 of 16777216
  Block #11:           0x444d15851701e528e73119ac72727faf161bd2cf2f2d7c560ba720c2cd54fbbb

[32meth_getTransactionByHash[0m
[32meth_getTransactionReceipt[0m
[32meth_blockNumber[0m
[32meth_feeHistory[0m
[32meth_sendTransaction[0m
  Contract call:       LizardLounge#requestJoin
  Transaction:         0xae84c261d5dcd507adcb5b3bf662e0ec98d20494213a04af5e9df267bf790a8e
  From:                0x3c44cdddb6a900fa2b585dd299e03d12fa4293bc
  To:                  0xdc64a140aa3e981100a9beca4e685f962f0cf6c9
  Value:               0 ETH
  Gas used:            27816 of 16777216
  Block #12:           0xc18a5fc1f696d8b5dc2c49bb517c2a0450251ed4c69513c5a79c62f2f0c42c04

[32meth_getTransactionByHash[0m
[32meth_blockNumber[0m
[32meth_feeHistory[0m
[32meth_sendTransaction[0m
  Contract call:       LizardLounge#approveJoin
  Transaction:         0x8dc4e7ffd86937aca3914df100240d5d3d84f788134a3381660aa55eacfd46b9
  From:                0x70997970c51812dc3a010c7d01b50e0d17dc79c8
  To:                  0xdc64a140aa3e981100a9beca4e685f962f0cf6c9
  Value:               0 ETH
  Gas used:            48404 of 16777216
  Block #13:           0x137534391e70e2c87f301a7b94987a7839c49ce05aa6e170a36cee6f9887f724

[32meth_getTransactionByHash[0m
[32meth_blockNumber[0m
[32meth_feeHistory[0m
[32meth_sendTransaction[0m
  Contract call:       LizardLounge#postMessage
  Transaction:         0xa776d8401d612d391a93af073d0713a6dfccbccd7158dfd4a71e3f2107f99c0b
  From:                0x70997970c51812dc3a010c7d01b50e0d17dc79c8
  To:                  0xdc64a140aa3e981100a9beca4e685f962f0cf6c9
  Value:               0 ETH
  Gas used:            28530 of 16777216
  Block #14:           0xe4da7e0f6b250da3b2ba10d64481d43414833c217b7d34ba63dcda994e85b41a

[32meth_getTransactionByHash[0m
[32meth_blockNumber[0m
[32meth_feeHistory[0m
[32meth_sendTransaction[0m
  Contract call:       LizardLounge#postMessage
  Transaction:         0x91567cdb0bd993c1844d5f87c93cb6171cdda437dfa8ced4498f1efaf7c31057
  From:                0x3c44cdddb6a900fa2b585dd299e03d12fa4293bc
  To:                  0xdc64a140aa3e981100a9beca4e685f962f0cf6c9
  Value:               0 ETH
  Gas used:            28638 of 16777216
  Block #15:           0x9c64286fa1f663372bca0c07b53b726244dc9d8ba317fa7a8b641586f56411c7

[32meth_getTransactionByHash[0m
[32meth_blockNumber[0m
[32meth_feeHistory[0m
[32meth_sendTransaction[0m
  Contract call:       LizardLounge#postMessage
  Transaction:         0x44863694933519ff7d48c4e048823bc599a22ff631b085fe1613e065dff81d95
  From:                0x90f79bf6eb2c4f870365e785982e1f101e93b906
  To:                  0xdc64a140aa3e981100a9beca4e685f962f0cf6c9
  Value:               0 ETH
  Gas used:            26186 of 16777216
  Block #16:           0x77dbb979848d7edc3e9d4fed476fd575547105a9d35276d0c507665a2d76dabe

[32meth_getTransactionByHash[0m
[32meth_blockNumber[0m
[32meth_feeHistory[0m
[31meth_sendTransaction[0m
  Contract call:       LizardLounge#announceSkill
  Transaction:         0xeb512b64675911cf6ef28b101d5993913ac307496fc4e9efd6bd152d2763b79f
  From:                0x70997970c51812dc3a010c7d01b50e0d17dc79c8
  To:                  0xdc64a140aa3e981100a9beca4e685f962f0cf6c9
  Value:               0 ETH
  Gas used:            31189 of 16777216
  Block #17:           0xe3dc47c62e994b225fefde5a6458d36f3a4765ec4d23c82e21f78a21700b0662

  Error: reverted with reason string 'Reputation too low to generate skill'

[32meth_call[0m
  Contract call:       ReputationRegistry#MARKETPLACE_ROLE
  From:                0xf39fd6e51aad88f6f4ce6ab8827279cfffb92266
  To:                  0x5fbdb2315678afecb367f032d93f642f64180aa3

[32meth_blockNumber[0m
[32meth_feeHistory[0m
[32meth_sendTransaction[0m
  Contract call:       ReputationRegistry#grantRole
  Transaction:         0xda6656c590625680c1cf82342ddb008684a9e95b66eea6967c755a6110d40ed7
  From:                0xf39fd6e51aad88f6f4ce6ab8827279cfffb92266
  To:                  0x5fbdb2315678afecb367f032d93f642f64180aa3
  Value:               0 ETH
  Gas used:            52125 of 16777216
  Block #18:           0x2887e42c89893b0b258d83b309f03098a1a4590fde8dbbfe794dc72f906b9127

[32meth_getTransactionByHash[0m
[32meth_blockNumber[0m
[32meth_feeHistory[0m
[32meth_sendTransaction[0m
  Contract call:       ReputationRegistry#recordJob
  Transaction:         0xab00685fdbd1729ab630157744133f4fc1a36fc17f2ba6e683f62b4d71af2322
  From:                0xf39fd6e51aad88f6f4ce6ab8827279cfffb92266
  To:                  0x5fbdb2315678afecb367f032d93f642f64180aa3
  Value:               0 ETH
  Gas used:            293733 of 16777216
  Block #19:           0xbf13d518c0124382bf04684cc71a09bed0a6eb8b75c048bd01fbd98feec1d0fb

[32meth_getTransactionByHash[0m
[32meth_call[0m
  Contract call:       ReputationRegistry#reputationScores
  From:                0xf39fd6e51aad88f6f4ce6ab8827279cfffb92266
  To:                  0x5fbdb2315678afecb367f032d93f642f64180aa3

[32meth_blockNumber[0m
[32meth_feeHistory[0m
[32meth_sendTransaction[0m
  Contract call:       LizardLounge#announceSkill
  Transaction:         0xb74675dcff40f20d3b9bf12e8dfa3f5a5e0a7b461d00f8d7d373715d9a6ab69b
  From:                0x70997970c51812dc3a010c7d01b50e0d17dc79c8
  To:                  0xdc64a140aa3e981100a9beca4e685f962f0cf6c9
  Value:               0 ETH
  Gas used:            45562 of 16777216
  Block #20:           0xb330fbe54e7f48d805f14374bf36ef8c7e86e53da8179b1645ac22f545697d82

[32meth_getTransactionByHash[0m
[32meth_call[0m
  Contract call:       ReputationRegistry#minReputationScores
  From:                0xf39fd6e51aad88f6f4ce6ab8827279cfffb92266
  To:                  0x5fbdb2315678afecb367f032d93f642f64180aa3

[32meth_blockNumber[0m
[32meth_feeHistory[0m
[32meth_sendTransaction[0m
  Contract call:       LizardLounge#kickMember
  Transaction:         0xf42f50656aefeed9e8ed9408ad8207f18814ceda0137d7c124bcd54a5682a5de
  From:                0x70997970c51812dc3a010c7d01b50e0d17dc79c8
  To:                  0xdc64a140aa3e981100a9beca4e685f962f0cf6c9
  Value:               0 ETH
  Gas used:            26472 of 16777216
  Block #21:           0xc7586d68e3302dec32d13b1a7d0812fdb9561b043803c325b699504db396a443

[32meth_getTransactionByHash[0m
[32meth_blockNumber[0m
[32meth_feeHistory[0m
[31meth_sendTransaction[0m
  Contract call:       LizardLounge#postMessage
  Transaction:         0x710c46c7888070f18dce291b34d62f5aa192ecfceaeab093d8fc99759bc15035
  From:                0x3c44cdddb6a900fa2b585dd299e03d12fa4293bc
  To:                  0xdc64a140aa3e981100a9beca4e685f962f0cf6c9
  Value:               0 ETH
  Gas used:            25633 of 16777216
  Block #22:           0xa2ea9f6c448134cec7953cc1b4eef6f052e39713637d9ae4896fe8b16b503757

  Error: reverted with reason string 'Not a member of this table'

[32meth_getLogs[0m
[32meth_getLogs (2)[0m
[32meth_newFilter[0m
[32meth_newFilter (2)[0m
[32meth_getLogs[0m
[32meth_accounts[0m
[32mhardhat_metadata[0m
[32mhardhat_metadata (2)[0m
[32mhardhat_metadata (3)[0m
[32mhardhat_metadata (4)[0m
[32mhardhat_metadata (5)[0m
[32mhardhat_metadata (6)[0m
[32mhardhat_metadata (7)[0m
[32mhardhat_metadata (8)[0m
[32mhardhat_metadata (9)[0m
[32mhardhat_metadata (10)[0m
[32mhardhat_metadata (11)[0m
[32mhardhat_metadata (12)[0m
[32mhardhat_metadata (13)[0m
[32mhardhat_metadata (14)[0m
[32mhardhat_metadata (15)[0m
[32mhardhat_metadata (16)[0m
[32mhardhat_metadata (17)[0m
[32mhardhat_metadata (18)[0m
[32mhardhat_metadata (19)[0m
[32mhardhat_metadata (20)[0m
[32meth_accounts[0m
[32mhardhat_metadata[0m
[32mhardhat_metadata (2)[0m
[32mhardhat_metadata (3)[0m
[32mhardhat_metadata (4)[0m
[32mhardhat_metadata (5)[0m
[32mhardhat_metadata (6)[0m
[32mhardhat_metadata (7)[0m
[32mhardhat_metadata (8)[0m
[32mhardhat_metadata (9)[0m
[32mhardhat_metadata (10)[0m
[32mhardhat_metadata (11)[0m
[32mhardhat_metadata (12)[0m
[32mhardhat_metadata (13)[0m
[32mhardhat_metadata (14)[0m
[32mhardhat_metadata (15)[0m
[32mhardhat_metadata (16)[0m
[32mhardhat_metadata (17)[0m
[32mhardhat_metadata (18)[0m
[32mhardhat_metadata (19)[0m
[32mhardhat_metadata (20)[0m
[32meth_blockNumber[0m
[32meth_getBlockByNumber[0m
[32meth_feeHistory[0m
[32meth_sendTransaction[0m
  Contract deployment: ReputationRegistry
  Contract address:    0xa51c1fc2f0d1a1b8494ed1fe312d7c3a78ed91c0
  Transaction:         0xf5782aafaa380350585c6e203990809e2a8e56daebd818162f3e8a83f78d874b
  From:                0xf39fd6e51aad88f6f4ce6ab8827279cfffb92266
  Value:               0 ETH
  Gas used:            2290313 of 16777216
  Block #23:           0x65c254add44e89f6fbbae903e9cd0e9313301a5d0ae87c08a0f09bcc3e95798b

[32meth_getTransactionByHash[0m
[32meth_getTransactionReceipt[0m
[32meth_accounts[0m
[32mhardhat_metadata[0m
[32mhardhat_metadata (2)[0m
[32mhardhat_metadata (3)[0m
[32mhardhat_metadata (4)[0m
[32mhardhat_metadata (5)[0m
[32mhardhat_metadata (6)[0m
[32mhardhat_metadata (7)[0m
[32mhardhat_metadata (8)[0m
[32mhardhat_metadata (9)[0m
[32mhardhat_metadata (10)[0m
[32mhardhat_metadata (11)[0m
[32mhardhat_metadata (12)[0m
[32mhardhat_metadata (13)[0m
[32mhardhat_metadata (14)[0m
[32mhardhat_metadata (15)[0m
[32mhardhat_metadata (16)[0m
[32mhardhat_metadata (17)[0m
[32mhardhat_metadata (18)[0m
[32mhardhat_metadata (19)[0m
[32mhardhat_metadata (20)[0m
[32meth_blockNumber[0m
[32meth_feeHistory[0m
[32meth_sendTransaction[0m
  Contract deployment: RewardEngine
  Contract address:    0x0dcd1bf9a1b36ce34237eeafef220932846bcd82
  Transaction:         0x11ae11a1cb1c92c61013ee570717e93b519c0c374232ffa130ee685b31928aab
  From:                0xf39fd6e51aad88f6f4ce6ab8827279cfffb92266
  Value:               0 ETH
  Gas used:            4014495 of 16777216
  Block #24:           0xd93f4c68713fe7d313732eda721dbb3d4526483d1912031a141e40c0a34e4caf

[32meth_getTransactionByHash[0m
[32meth_getTransactionReceipt[0m
[32meth_accounts[0m
[32mhardhat_metadata[0m
[32mhardhat_metadata (2)[0m
[32mhardhat_metadata (3)[0m
[32mhardhat_metadata (4)[0m
[32mhardhat_metadata (5)[0m
[32mhardhat_metadata (6)[0m
[32mhardhat_metadata (7)[0m
[32mhardhat_metadata (8)[0m
[32mhardhat_metadata (9)[0m
[32mhardhat_metadata (10)[0m
[32mhardhat_metadata (11)[0m
[32mhardhat_metadata (12)[0m
[32mhardhat_metadata (13)[0m
[32mhardhat_metadata (14)[0m
[32mhardhat_metadata (15)[0m
[32mhardhat_metadata (16)[0m
[32mhardhat_metadata (17)[0m
[32mhardhat_metadata (18)[0m
[32mhardhat_metadata (19)[0m
[32mhardhat_metadata (20)[0m
[32meth_blockNumber[0m
[32meth_feeHistory[0m
[32meth_sendTransaction[0m
  Contract deployment: BadgeNFT
  Contract address:    0x9a676e781a523b5d0c0e43731313a708cb607508
  Transaction:         0x86357d30bbcbcdbf27ff7f7c80873a0f267bc5e2afadc58319b3e66d75d1ad14
  From:                0xf39fd6e51aad88f6f4ce6ab8827279cfffb92266
  Value:               0 ETH
  Gas used:            2520848 of 16777216
  Block #25:           0x9a6f7e8b1a4b3ec6a81a2cc6b832d27e21228edfff2a6913c97f8df0473f18df

[32meth_getTransactionByHash[0m
[32meth_getTransactionReceipt[0m
[32meth_accounts[0m
[32mhardhat_metadata[0m
[32mhardhat_metadata (2)[0m
[32mhardhat_metadata (3)[0m
[32mhardhat_metadata (4)[0m
[32mhardhat_metadata (5)[0m
[32mhardhat_metadata (6)[0m
[32mhardhat_metadata (7)[0m
[32mhardhat_metadata (8)[0m
[32mhardhat_metadata (9)[0m
[32mhardhat_metadata (10)[0m
[32mhardhat_metadata (11)[0m
[32mhardhat_metadata (12)[0m
[32mhardhat_metadata (13)[0m
[32mhardhat_metadata (14)[0m
[32mhardhat_metadata (15)[0m
[32mhardhat_metadata (16)[0m
[32mhardhat_metadata (17)[0m
[32mhardhat_metadata (18)[0m
[32mhardhat_metadata (19)[0m
[32mhardhat_metadata (20)[0m
[32meth_blockNumber[0m
[32meth_feeHistory[0m
[32meth_sendTransaction[0m
  Contract deployment: LazyTaskMarketplace
  Contract address:    0x0b306bf915c4d645ff596e518faf3f9669b97016
  Transaction:         0x4d7bab9e31a875db8aa569584c7c21ad2085ee77579dbe2b0eb5e2a3ac66389c
  From:                0xf39fd6e51aad88f6f4ce6ab8827279cfffb92266
  Value:               0 ETH
  Gas used:            3699483 of 16777216
  Block #26:           0x950ea738c0bfe263c9ea135b920e0862255f5b8128d804be0b50a3b13195f11a

[32meth_getTransactionByHash[0m
[32meth_getTransactionReceipt[0m
[32meth_accounts[0m
[32mhardhat_metadata[0m
[32mhardhat_metadata (2)[0m
[32mhardhat_metadata (3)[0m
[32mhardhat_metadata (4)[0m
[32mhardhat_metadata (5)[0m
[32mhardhat_metadata (6)[0m
[32mhardhat_metadata (7)[0m
[32mhardhat_metadata (8)[0m
[32mhardhat_metadata (9)[0m
[32mhardhat_metadata (10)[0m
[32mhardhat_metadata (11)[0m
[32mhardhat_metadata (12)[0m
[32mhardhat_metadata (13)[0m
[32mhardhat_metadata (14)[0m
[32mhardhat_metadata (15)[0m
[32mhardhat_metadata (16)[0m
[32mhardhat_metadata (17)[0m
[32mhardhat_metadata (18)[0m
[32mhardhat_metadata (19)[0m
[32mhardhat_metadata (20)[0m
[32meth_blockNumber[0m
[32meth_feeHistory[0m
[32meth_sendTransaction[0m
  Contract deployment: LizardLounge
  Contract address:    0x959922be3caee4b8cd9a407cc3ac1c251c2007b1
  Transaction:         0x761b9d4e144a65fc3b181936eb7b9ab0f89b19bdf942235321f86ae4a94c6709
  From:                0xf39fd6e51aad88f6f4ce6ab8827279cfffb92266
  Value:               0 ETH
  Gas used:            2227234 of 16777216
  Block #27:           0x5c7e39d592d2042b3acdcd517542980a7fe9a8b166d33afeb0357ce9a53eceb0

[32meth_getTransactionByHash[0m
[32meth_getTransactionReceipt[0m
[32meth_call[0m
  Contract call:       ReputationRegistry#MARKETPLACE_ROLE
  From:                0xf39fd6e51aad88f6f4ce6ab8827279cfffb92266
  To:                  0xa51c1fc2f0d1a1b8494ed1fe312d7c3a78ed91c0

[32meth_blockNumber[0m
[32meth_feeHistory[0m
[32meth_sendTransaction[0m
  Contract call:       ReputationRegistry#grantRole
  Transaction:         0x816e720221949363379bbc8e59bd19c1e1bf392aca395fd1cfb96da56d8477b3
  From:                0xf39fd6e51aad88f6f4ce6ab8827279cfffb92266
  To:                  0xa51c1fc2f0d1a1b8494ed1fe312d7c3a78ed91c0
  Value:               0 ETH
  Gas used:            52125 of 16777216
  Block #28:           0x3e947fdcbb54498138e612e746cd30e1bf05abfce665c95217a90c9112c25c74

[32meth_getTransactionByHash[0m
[32meth_blockNumber[0m
[32meth_feeHistory[0m
[32meth_sendTransaction[0m
  Contract call:       RewardEngine#grantRole
  Transaction:         0xc57b14301e890435119461340eb05c21875e628f762b99589d728d86f85980be
  From:                0xf39fd6e51aad88f6f4ce6ab8827279cfffb92266
  To:                  0x0dcd1bf9a1b36ce34237eeafef220932846bcd82
  Value:               0 ETH
  Gas used:            52125 of 16777216
  Block #29:           0x2697879f1168e8856598da2c66a614eddd11f27890fad4c38ae30697dff66714

[32meth_getTransactionByHash[0m
[32meth_call[0m
  Contract call:       BadgeNFT#MINTER_ROLE
  From:                0xf39fd6e51aad88f6f4ce6ab8827279cfffb92266
  To:                  0x9a676e781a523b5d0c0e43731313a708cb607508

[32meth_blockNumber[0m
[32meth_feeHistory[0m
[32meth_sendTransaction[0m
  Contract call:       BadgeNFT#grantRole
  Transaction:         0x8b14db9b2f982d40fb6ad463df92e2437a47eaa9921add5afce615ea4809b797
  From:                0xf39fd6e51aad88f6f4ce6ab8827279cfffb92266
  To:                  0x9a676e781a523b5d0c0e43731313a708cb607508
  Value:               0 ETH
  Gas used:            52058 of 16777216
  Block #30:           0xe6461ad850dba18bba79c56ee1fe36246b4d61eaa43e78e73a6579fa1141300d

[32meth_getTransactionByHash[0m
[32meth_blockNumber[0m
[32meth_feeHistory[0m
[32meth_sendTransaction[0m
  Contract call:       ReputationRegistry#setBadgeNFT
  Transaction:         0xda2abd9fc51b8017173690cdab646fa4787fee026231db4d717875f9baf060aa
  From:                0xf39fd6e51aad88f6f4ce6ab8827279cfffb92266
  To:                  0xa51c1fc2f0d1a1b8494ed1fe312d7c3a78ed91c0
  Value:               0 ETH
  Gas used:            46582 of 16777216
  Block #31:           0xa243783f72a79eb1d7dc66670104e20efc6e3d26a4a4b3c2b77aad8ba42dbac7

[32meth_getTransactionByHash[0m
[32meth_call[0m
  Contract call:       ReputationRegistry#SKILL_REGISTRY_ROLE
  From:                0xf39fd6e51aad88f6f4ce6ab8827279cfffb92266
  To:                  0xa51c1fc2f0d1a1b8494ed1fe312d7c3a78ed91c0

[32meth_blockNumber[0m
[32meth_feeHistory[0m
[32meth_sendTransaction[0m
  Contract call:       ReputationRegistry#grantRole
  Transaction:         0xcb7ec3005562f7cf27f0385b3251210b1a24102909e7ea8d5bba190e296d82a1
  From:                0xf39fd6e51aad88f6f4ce6ab8827279cfffb92266
  To:                  0xa51c1fc2f0d1a1b8494ed1fe312d7c3a78ed91c0
  Value:               0 ETH
  Gas used:            52125 of 16777216
  Block #32:           0xd9ac292f73dcae3448e5e5ce6f36eb2193c5fc47d599aee7f72eb179b83d5410

[32meth_getTransactionByHash[0m
[32meth_accounts[0m
[32mhardhat_metadata[0m
[32mhardhat_metadata (2)[0m
[32mhardhat_metadata (3)[0m
[32mhardhat_metadata (4)[0m
[32mhardhat_metadata (5)[0m
[32mhardhat_metadata (6)[0m
[32mhardhat_metadata (7)[0m
[32mhardhat_metadata (8)[0m
[32mhardhat_metadata (9)[0m
[32mhardhat_metadata (10)[0m
[32mhardhat_metadata (11)[0m
[32mhardhat_metadata (12)[0m
[32mhardhat_metadata (13)[0m
[32mhardhat_metadata (14)[0m
[32mhardhat_metadata (15)[0m
[32mhardhat_metadata (16)[0m
[32mhardhat_metadata (17)[0m
[32mhardhat_metadata (18)[0m
[32mhardhat_metadata (19)[0m
[32mhardhat_metadata (20)[0m
[32meth_accounts[0m
[32mhardhat_metadata[0m
[32mhardhat_metadata (2)[0m
[32mhardhat_metadata (3)[0m
[32mhardhat_metadata (4)[0m
[32mhardhat_metadata (5)[0m
[32mhardhat_metadata (6)[0m
[32mhardhat_metadata (7)[0m
[32mhardhat_metadata (8)[0m
[32mhardhat_metadata (9)[0m
[32mhardhat_metadata (10)[0m
[32mhardhat_metadata (11)[0m
[32mhardhat_metadata (12)[0m
[32mhardhat_metadata (13)[0m
[32mhardhat_metadata (14)[0m
[32mhardhat_metadata (15)[0m
[32mhardhat_metadata (16)[0m
[32mhardhat_metadata (17)[0m
[32mhardhat_metadata (18)[0m
[32mhardhat_metadata (19)[0m
[32mhardhat_metadata (20)[0m
[32meth_accounts[0m
[32mhardhat_metadata[0m
[32mhardhat_metadata (2)[0m
[32mhardhat_metadata (3)[0m
[32mhardhat_metadata (4)[0m
[32mhardhat_metadata (5)[0m
[32mhardhat_metadata (6)[0m
[32mhardhat_metadata (7)[0m
[32mhardhat_metadata (8)[0m
[32mhardhat_metadata (9)[0m
[32mhardhat_metadata (10)[0m
[32mhardhat_metadata (11)[0m
[32mhardhat_metadata (12)[0m
[32mhardhat_metadata (13)[0m
[32mhardhat_metadata (14)[0m
[32mhardhat_metadata (15)[0m
[32mhardhat_metadata (16)[0m
[32mhardhat_metadata (17)[0m
[32mhardhat_metadata (18)[0m
[32mhardhat_metadata (19)[0m
[32mhardhat_metadata (20)[0m
[32meth_accounts[0m
[32mhardhat_metadata[0m
[32mhardhat_metadata (2)[0m
[32mhardhat_metadata (3)[0m
[32mhardhat_metadata (4)[0m
[32mhardhat_metadata (5)[0m
[32mhardhat_metadata (6)[0m
[32mhardhat_metadata (7)[0m
[32mhardhat_metadata (8)[0m
[32mhardhat_metadata (9)[0m
[32mhardhat_metadata (10)[0m
[32mhardhat_metadata (11)[0m
[32mhardhat_metadata (12)[0m
[32mhardhat_metadata (13)[0m
[32mhardhat_metadata (14)[0m
[32mhardhat_metadata (15)[0m
[32mhardhat_metadata (16)[0m
[32mhardhat_metadata (17)[0m
[32mhardhat_metadata (18)[0m
[32mhardhat_metadata (19)[0m
[32mhardhat_metadata (20)[0m
[32meth_blockNumber[0m
[32meth_getBlockByNumber[0m
[32meth_feeHistory[0m
[32meth_sendTransaction[0m
  Contract call:       LizardLounge#createTable
  Transaction:         0x538e42f9a8a5efc54394c92ab1bc438ef88431b564e76313aebff53623906a06
  From:                0x70997970c51812dc3a010c7d01b50e0d17dc79c8
  To:                  0xdc64a140aa3e981100a9beca4e685f962f0cf6c9
  Value:               0 ETH
  Gas used:            146046 of 16777216
  Block #33:           0x50456baf968668f1d918d3d6224d033816c316c22c683e6ed5ff15ba5c95f3c4

[32meth_getTransactionByHash[0m
[32meth_getTransactionReceipt[0m
[32meth_blockNumber[0m
[32meth_feeHistory[0m
[32meth_sendTransaction[0m
  Contract call:       LizardLounge#requestJoin
  Transaction:         0x4b970f6f8c71f3b034a338022e205e72ab7040a923f2e4f1aa0caf14db04f6b6
  From:                0x3c44cdddb6a900fa2b585dd299e03d12fa4293bc
  To:                  0xdc64a140aa3e981100a9beca4e685f962f0cf6c9
  Value:               0 ETH
  Gas used:            27816 of 16777216
  Block #34:           0x129dd19c267403e00a66110f93df23a143375e92c16af073e0887a4f22e1377b

[32meth_getTransactionByHash[0m
[32meth_blockNumber[0m
[32meth_feeHistory[0m
[32meth_sendTransaction[0m
  Contract call:       LizardLounge#approveJoin
  Transaction:         0x4496001e55edd2dc864d2608fef6aa68d18c9dad278117f9ae53bd1c3ee53793
  From:                0x70997970c51812dc3a010c7d01b50e0d17dc79c8
  To:                  0xdc64a140aa3e981100a9beca4e685f962f0cf6c9
  Value:               0 ETH
  Gas used:            48404 of 16777216
  Block #35:           0xe6d98c6632f4f647d26dfba7d78874de2d91c3ca95b62513554a2f9cd92c6b49

[32meth_getTransactionByHash[0m
[32meth_blockNumber[0m
[32meth_feeHistory[0m
[32meth_sendTransaction[0m
  Contract call:       LizardLounge#postMessage
  Transaction:         0x6bafa0fb1d5c9d467e9e86afc3acde1f2b27274d4213842af28df1c0f3dbc69e
  From:                0x70997970c51812dc3a010c7d01b50e0d17dc79c8
  To:                  0xdc64a140aa3e981100a9beca4e685f962f0cf6c9
  Value:               0 ETH
  Gas used:            28530 of 16777216
  Block #36:           0x30ac394f2a449d10a59ae94d57ee4c632d9ee0c40c8111b5d17269b6ad492c25

[32meth_getTransactionByHash[0m
[32meth_blockNumber[0m
[32meth_feeHistory[0m
[32meth_sendTransaction[0m
  Contract call:       LizardLounge#postMessage
  Transaction:         0xe1f9e23e4c282c06888b8960fe29eb1e63a5fd966d8d547c664f222c8a7c3531
  From:                0x3c44cdddb6a900fa2b585dd299e03d12fa4293bc
  To:                  0xdc64a140aa3e981100a9beca4e685f962f0cf6c9
  Value:               0 ETH
  Gas used:            28638 of 16777216
  Block #37:           0xd8ce67fc6a6f8b956362868e01ead00ce69c0c2614ac549cc2f5137b6717d505

[32meth_getTransactionByHash[0m
[32meth_blockNumber[0m
[32meth_feeHistory[0m
[32meth_sendTransaction[0m
  Contract call:       LizardLounge#postMessage
  Transaction:         0x6299dcb10828d6be26572b73590dd659840822fb2031827809739d61f996d3bb
  From:                0x90f79bf6eb2c4f870365e785982e1f101e93b906
  To:                  0xdc64a140aa3e981100a9beca4e685f962f0cf6c9
  Value:               0 ETH
  Gas used:            26186 of 16777216
  Block #38:           0xffb26d1bf82fb1034e213167c3f035be3b94a96f0e1c2fc717db8c44ee71c5f7

[32meth_getTransactionByHash[0m
[32meth_call[0m
  Contract call:       ReputationRegistry#MARKETPLACE_ROLE
  From:                0xf39fd6e51aad88f6f4ce6ab8827279cfffb92266
  To:                  0x5fbdb2315678afecb367f032d93f642f64180aa3

[32meth_blockNumber[0m
[32meth_feeHistory[0m
[32meth_sendTransaction[0m
  Contract call:       ReputationRegistry#grantRole
  Transaction:         0xfe7a4ad9dcc16bd31bf342525960dabf810aee83054af6583ab493386d160079
  From:                0xf39fd6e51aad88f6f4ce6ab8827279cfffb92266
  To:                  0x5fbdb2315678afecb367f032d93f642f64180aa3
  Value:               0 ETH
  Gas used:            29817 of 16777216
  Block #39:           0xf3ba4089a044742516828692683625093ebd4d9f41a36e80d0e309d40eb1ea09

[32meth_getTransactionByHash[0m
[32meth_blockNumber[0m
[32meth_feeHistory[0m
[32meth_sendTransaction[0m
  Contract call:       ReputationRegistry#recordJob
  Transaction:         0x6c5bc48c184e88885f7c0af43d00af69025a7fdb915135776118c8b4ce6ee9c0
  From:                0xf39fd6e51aad88f6f4ce6ab8827279cfffb92266
  To:                  0x5fbdb2315678afecb367f032d93f642f64180aa3
  Value:               0 ETH
  Gas used:            136881 of 16777216
  Block #40:           0x21c0ea67816429b0b3e8c9454782f6dcefea9152e913a5a047d3faab6853a51c

[32meth_getTransactionByHash[0m
[32meth_blockNumber[0m
[32meth_feeHistory[0m
[32meth_sendTransaction[0m
  Contract call:       LizardLounge#announceSkill
  Transaction:         0x5e4766e5932c2233863cc8583ddb54f7c0af7d18e9644cb76a344f566d953fa6
  From:                0x70997970c51812dc3a010c7d01b50e0d17dc79c8
  To:                  0xdc64a140aa3e981100a9beca4e685f962f0cf6c9
  Value:               0 ETH
  Gas used:            45562 of 16777216
  Block #41:           0x866df50fe3c494ab99e5f3c5e552acb543fed3fb1b401649cce24f78415baabf

[32meth_getTransactionByHash[0m
[32meth_blockNumber[0m
[32meth_feeHistory[0m
[32meth_sendTransaction[0m
  Contract call:       LazyTaskMarketplace#postJob
  Transaction:         0x744c57ab0833912fd9e617ce3dd34a221dfd95ed59da8095eaf2ddf456e1862f
  From:                0x70997970c51812dc3a010c7d01b50e0d17dc79c8
  To:                  0xcf7ed3acca5a467e9e704c703e8d87f634fb0fc9
  Value:               1. ETH
  Gas used:            233997 of 16777216
  Block #42:           0x80a6c9fe6ab8b9199c3445a1932f623a09b91c999ee4a44e3e92b9b221849663

[32meth_getTransactionByHash[0m
[32meth_getTransactionReceipt[0m
[32meth_call[0m
  Contract call:       LazyTaskMarketplace#nextJobId
  From:                0xf39fd6e51aad88f6f4ce6ab8827279cfffb92266
  To:                  0xcf7ed3acca5a467e9e704c703e8d87f634fb0fc9

[32meth_blockNumber[0m
[32meth_feeHistory[0m
[32meth_sendTransaction[0m
  Contract call:       LazyTaskMarketplace#acceptJob
  Transaction:         0xd7327532ae1bdd39ba72afea0ad6d43e9fc8157d461fa652c6b5a925a23f930e
  From:                0x3c44cdddb6a900fa2b585dd299e03d12fa4293bc
  To:                  0xcf7ed3acca5a467e9e704c703e8d87f634fb0fc9
  Value:               0.1 ETH
  Gas used:            82075 of 16777216
  Block #43:           0x3b8bc9433e9eada946bb19338e063c640c12d1e0948b8ada0f844a07f247a706

[32meth_getTransactionByHash[0m
[32meth_blockNumber[0m
[32meth_feeHistory[0m
[31meth_sendTransaction[0m
  Contract call:       LizardLounge#<unrecognized-selector>
  Transaction:         0x8651976656e7f32babbec0f585a1bc600faac78f72c3eb9faa5eb66b83fb5c2c
  From:                0x70997970c51812dc3a010c7d01b50e0d17dc79c8
  To:                  0xdc64a140aa3e981100a9beca4e685f962f0cf6c9
  Value:               0 ETH
  Gas used:            23460 of 16777216
  Block #44:           0x71ad18c724744c32b8e804402025568298e1c03dbcc17c4a90f762e9226c48e7

  Error: Transaction reverted without a reason

[32meth_accounts[0m
[32mhardhat_metadata[0m
[32mhardhat_metadata (2)[0m
[32mhardhat_metadata (3)[0m
[32mhardhat_metadata (4)[0m
[32mhardhat_metadata (5)[0m
[32mhardhat_metadata (6)[0m
[32mhardhat_metadata (7)[0m
[32mhardhat_metadata (8)[0m
[32mhardhat_metadata (9)[0m
[32mhardhat_metadata (10)[0m
[32mhardhat_metadata (11)[0m
[32mhardhat_metadata (12)[0m
[32mhardhat_metadata (13)[0m
[32mhardhat_metadata (14)[0m
[32mhardhat_metadata (15)[0m
[32mhardhat_metadata (16)[0m
[32mhardhat_metadata (17)[0m
[32mhardhat_metadata (18)[0m
[32mhardhat_metadata (19)[0m
[32mhardhat_metadata (20)[0m
[32meth_accounts[0m
[32mhardhat_metadata[0m
[32mhardhat_metadata (2)[0m
[32mhardhat_metadata (3)[0m
[32mhardhat_metadata (4)[0m
[32mhardhat_metadata (5)[0m
[32mhardhat_metadata (6)[0m
[32mhardhat_metadata (7)[0m
[32mhardhat_metadata (8)[0m
[32mhardhat_metadata (9)[0m
[32mhardhat_metadata (10)[0m
[32mhardhat_metadata (11)[0m
[32mhardhat_metadata (12)[0m
[32mhardhat_metadata (13)[0m
[32mhardhat_metadata (14)[0m
[32mhardhat_metadata (15)[0m
[32mhardhat_metadata (16)[0m
[32mhardhat_metadata (17)[0m
[32mhardhat_metadata (18)[0m
[32mhardhat_metadata (19)[0m
[32mhardhat_metadata (20)[0m
[32meth_accounts[0m
[32mhardhat_metadata[0m
[32mhardhat_metadata (2)[0m
[32mhardhat_metadata (3)[0m
[32mhardhat_metadata (4)[0m
[32mhardhat_metadata (5)[0m
[32mhardhat_metadata (6)[0m
[32mhardhat_metadata (7)[0m
[32mhardhat_metadata (8)[0m
[32mhardhat_metadata (9)[0m
[32mhardhat_metadata (10)[0m
[32mhardhat_metadata (11)[0m
[32mhardhat_metadata (12)[0m
[32mhardhat_metadata (13)[0m
[32mhardhat_metadata (14)[0m
[32mhardhat_metadata (15)[0m
[32mhardhat_metadata (16)[0m
[32mhardhat_metadata (17)[0m
[32mhardhat_metadata (18)[0m
[32mhardhat_metadata (19)[0m
[32mhardhat_metadata (20)[0m
[32meth_accounts[0m
[32mhardhat_metadata[0m
[32mhardhat_metadata (2)[0m
[32mhardhat_metadata (3)[0m
[32mhardhat_metadata (4)[0m
[32mhardhat_metadata (5)[0m
[32mhardhat_metadata (6)[0m
[32mhardhat_metadata (7)[0m
[32mhardhat_metadata (8)[0m
[32mhardhat_metadata (9)[0m
[32mhardhat_metadata (10)[0m
[32mhardhat_metadata (11)[0m
[32mhardhat_metadata (12)[0m
[32mhardhat_metadata (13)[0m
[32mhardhat_metadata (14)[0m
[32mhardhat_metadata (15)[0m
[32mhardhat_metadata (16)[0m
[32mhardhat_metadata (17)[0m
[32mhardhat_metadata (18)[0m
[32mhardhat_metadata (19)[0m
[32mhardhat_metadata (20)[0m
[32meth_blockNumber[0m
[32meth_getBlockByNumber[0m
[32meth_feeHistory[0m
[32meth_sendTransaction[0m
  Contract call:       LizardLounge#createTable
  Transaction:         0x57bf3c8db4214fa451d34780b9a3faf84f7796c771c5da8c5f3814e1d7107fb3
  From:                0x70997970c51812dc3a010c7d01b50e0d17dc79c8
  To:                  0x959922be3caee4b8cd9a407cc3ac1c251c2007b1
  Value:               0 ETH
  Gas used:            146046 of 16777216
  Block #45:           0x93379dbac5981c4f515fa08fda65b677d5ec5fc5e0d8c5f099a4d9b319a6680a

[32meth_getTransactionByHash[0m
[32meth_getTransactionReceipt[0m
[32meth_blockNumber[0m
[32meth_feeHistory[0m
[32meth_sendTransaction[0m
  Contract call:       LizardLounge#requestJoin
  Transaction:         0x2a620bd34f9e780104130dc0c39cf60172a7b3a75e1f2a695da677e000a81681
  From:                0x3c44cdddb6a900fa2b585dd299e03d12fa4293bc
  To:                  0x959922be3caee4b8cd9a407cc3ac1c251c2007b1
  Value:               0 ETH
  Gas used:            27816 of 16777216
  Block #46:           0xacfe5b1bc78a2311f32059f10bfc385aad95d3635f3092f8eb935677c07f5790

[32meth_getTransactionByHash[0m
[32meth_blockNumber[0m
[32meth_feeHistory[0m
[32meth_sendTransaction[0m
  Contract call:       LizardLounge#approveJoin
  Transaction:         0x5e30082f89b654836a7fabbbaff01a1b6ce9ac368021792a641c6431e182a2b7
  From:                0x70997970c51812dc3a010c7d01b50e0d17dc79c8
  To:                  0x959922be3caee4b8cd9a407cc3ac1c251c2007b1
  Value:               0 ETH
  Gas used:            48404 of 16777216
  Block #47:           0xb01ac0ef4dc1886ac3bd30b56e258bcb343fcf65262b98dc14a2923491050bda

[32meth_getTransactionByHash[0m
[32meth_blockNumber[0m
[32meth_feeHistory[0m
[32meth_sendTransaction[0m
  Contract call:       LizardLounge#postMessage
  Transaction:         0x50e233bfd6e94d470fc5290d7a68a51df876de186af1f6dbe0c72571d16d8faa
  From:                0x70997970c51812dc3a010c7d01b50e0d17dc79c8
  To:                  0x959922be3caee4b8cd9a407cc3ac1c251c2007b1
  Value:               0 ETH
  Gas used:            28508 of 16777216
  Block #48:           0xc3034c5f894279439fab74d953435801f898eb313868ecfb0e66eed66ba6d54e

[32meth_getTransactionByHash[0m
[32meth_blockNumber[0m
[32meth_feeHistory[0m
[32meth_sendTransaction[0m
  Contract call:       LizardLounge#postMessage
  Transaction:         0x07237db8b0975e17b92b47c22575452fb2f3c78b2173dce9b4d6893d987d0058
  From:                0x3c44cdddb6a900fa2b585dd299e03d12fa4293bc
  To:                  0x959922be3caee4b8cd9a407cc3ac1c251c2007b1
  Value:               0 ETH
  Gas used:            28616 of 16777216
  Block #49:           0x93b3009ae40ed942300290606c0009bcd6877a60d306b1bd37108ab9f5f9f033

[32meth_getTransactionByHash[0m
[32meth_blockNumber[0m
[32meth_feeHistory[0m
[32meth_sendTransaction[0m
  Contract call:       LizardLounge#postMessage
  Transaction:         0xa0adcfc7b79449e3d4d5c7d54b85382d39f22ba9e1610b8031907eb162a70a27
  From:                0x90f79bf6eb2c4f870365e785982e1f101e93b906
  To:                  0x959922be3caee4b8cd9a407cc3ac1c251c2007b1
  Value:               0 ETH
  Gas used:            26164 of 16777216
  Block #50:           0x4751428fa87111af75bc8ea28f7d6483127db714255fa572357920e48d77d6d4

[32meth_getTransactionByHash[0m
[32meth_call[0m
  Contract call:       ReputationRegistry#MARKETPLACE_ROLE
  From:                0xf39fd6e51aad88f6f4ce6ab8827279cfffb92266
  To:                  0xa51c1fc2f0d1a1b8494ed1fe312d7c3a78ed91c0

[32meth_blockNumber[0m
[32meth_feeHistory[0m
[32meth_sendTransaction[0m
  Contract call:       ReputationRegistry#grantRole
  Transaction:         0xc4e7d6f8d69790b81ef06d73535b665ecb4d00c3a10f57b7756c77a5e5419f19
  From:                0xf39fd6e51aad88f6f4ce6ab8827279cfffb92266
  To:                  0xa51c1fc2f0d1a1b8494ed1fe312d7c3a78ed91c0
  Value:               0 ETH
  Gas used:            52125 of 16777216
  Block #51:           0x53c5b175bf1bb45000e6bbe950c2e7a4eae3405410db4a27579b5509d143ab50

[32meth_getTransactionByHash[0m
[32meth_blockNumber[0m
[32meth_feeHistory[0m
[32meth_sendTransaction[0m
  Contract call:       ReputationRegistry#recordJob
  Transaction:         0xa9d7c4e1c78034a4b816fe0a85fbdbc443b4ddf8db96e1bcd3e0252b8b7656ac
  From:                0xf39fd6e51aad88f6f4ce6ab8827279cfffb92266
  To:                  0xa51c1fc2f0d1a1b8494ed1fe312d7c3a78ed91c0
  Value:               0 ETH
  Gas used:            293733 of 16777216
  Block #52:           0x041be05c06b4fed12c194644dc42adee8d4dd74649361c40eba9b7b32117f3c9

[32meth_getTransactionByHash[0m
[32meth_blockNumber[0m
[32meth_feeHistory[0m
[32meth_sendTransaction[0m
  Contract call:       LizardLounge#announceSkill
  Transaction:         0xb6a9d768764b1a58b4bcfef0520d0ae1629926992905e86c5b9eaf7e2d000bc4
  From:                0x70997970c51812dc3a010c7d01b50e0d17dc79c8
  To:                  0x959922be3caee4b8cd9a407cc3ac1c251c2007b1
  Value:               0 ETH
  Gas used:            45562 of 16777216
  Block #53:           0xffc675550fe3879a2f52253273e25b9c9666599a48e3714870d374af92132bde

[32meth_getTransactionByHash[0m
[32meth_blockNumber[0m
[32meth_feeHistory[0m
[32meth_sendTransaction[0m
  Contract call:       LazyTaskMarketplace#postJob
  Transaction:         0x60b10fe10dc53326a827838ca65f8f015fbb33d3b89b25f1f6bcb8794bb478e3
  From:                0x70997970c51812dc3a010c7d01b50e0d17dc79c8
  To:                  0x0b306bf915c4d645ff596e518faf3f9669b97016
  Value:               1. ETH
  Gas used:            234069 of 16777216
  Block #54:           0xc973e1366f0f834c064aeecbff666b672c873145afccdbb408eadfad6dc76502

[32meth_getTransactionByHash[0m
[32meth_getTransactionReceipt[0m
[32meth_call[0m
  Contract call:       LazyTaskMarketplace#nextJobId
  From:                0xf39fd6e51aad88f6f4ce6ab8827279cfffb92266
  To:                  0x0b306bf915c4d645ff596e518faf3f9669b97016

[32meth_blockNumber[0m
[32meth_feeHistory[0m
[32meth_sendTransaction[0m
  Contract call:       LazyTaskMarketplace#acceptJob
  Transaction:         0x357f35af58ca06db52a451bc0ea00a4658a93374c431f715d08f210411b8144d
  From:                0x3c44cdddb6a900fa2b585dd299e03d12fa4293bc
  To:                  0x0b306bf915c4d645ff596e518faf3f9669b97016
  Value:               0.1 ETH
  Gas used:            82075 of 16777216
  Block #55:           0x3bca2250a4fdf2261c956846dc256d57c813289e0e619046c25ba601ef7606d7

[32meth_getTransactionByHash[0m
[32meth_blockNumber[0m
[32meth_feeHistory[0m
[32meth_sendTransaction[0m
  Contract call:       LizardLounge#postJobMessage
  Transaction:         0xba7bd270f2157f88d00f5203f28f60d8089d7f09b9f68195b052a46c6c61daed
  From:                0x70997970c51812dc3a010c7d01b50e0d17dc79c8
  To:                  0x959922be3caee4b8cd9a407cc3ac1c251c2007b1
  Value:               0 ETH
  Gas used:            54632 of 16777216
  Block #56:           0x6576215aa76a5cf53000cae25ecd6c1c1e6deff2cd80557ac1cb400f72e628bb

[32meth_getTransactionByHash[0m
[32meth_blockNumber[0m
[32meth_feeHistory[0m
[32meth_sendTransaction[0m
  Contract call:       LizardLounge#postJobMessage
  Transaction:         0x7a96dcb8b8ec4b7adb559c176c4f52af59245b8f6b7708f4b188f2aa8422548e
  From:                0x3c44cdddb6a900fa2b585dd299e03d12fa4293bc
  To:                  0x959922be3caee4b8cd9a407cc3ac1c251c2007b1
  Value:               0 ETH
  Gas used:            54546 of 16777216
  Block #57:           0x592cea178f6abfc625fbe891e1deaaf334c15e20572c2f4eca8101a1319023f1

[32meth_getTransactionByHash[0m
[32meth_blockNumber[0m
[32meth_feeHistory[0m
[31meth_sendTransaction[0m
  Contract call:       LizardLounge#postJobMessage
  Transaction:         0xd6affe68699d98362247d8a2b51042dd7a9720e40058323b3daec3895c284d4a
  From:                0x90f79bf6eb2c4f870365e785982e1f101e93b906
  To:                  0x959922be3caee4b8cd9a407cc3ac1c251c2007b1
  Value:               0 ETH
  Gas used:            51550 of 16777216
  Block #58:           0x1414971fb544897ac2113807061d7062f1b71fc2b37f2dafeda86c9b12ae8194

  Error: reverted with reason string 'Not authorized for this job chat'
